# JRE version: Java(TM) SE Runtime Environment (7.0_40-b43) (build 1.7.0_40-b43)
# Java VM: Java HotSpot(TM) 64-Bit Server VM (24.0-b56 mixed mode windows-amd64 compressed oops)
Heap
 PSYoungGen      total 70656K, used 51939K [0x00000007d6080000, 0x00000007daa80000, 0x0000000800000000)
  eden space 65536K, 73% used [0x00000007d6080000,0x00000007d8fc4bc0,0x00000007da080000)
  from space 5120K, 69% used [0x00000007da580000,0x00000007da8f4040,0x00000007daa80000)
  to   space 5120K, 0% used [0x00000007da080000,0x00000007da080000,0x00000007da580000)
 ParOldGen       total 85504K, used 16084K [0x0000000782200000, 0x0000000787580000, 0x00000007d6080000)
  object space 85504K, 18% used [0x0000000782200000,0x00000007831b51c8,0x0000000787580000)
 PSPermGen       total 21504K, used 3542K [0x000000077d000000, 0x000000077e500000, 0x0000000782200000)
  object space 21504K, 16% used [0x000000077d000000,0x000000077d3758b0,0x000000077e500000)
GC Heap History (4 events):
Event: 0.394 GC heap before
{Heap before GC invocations=1 (full 0):
 PSYoungGen      total 37888K, used 28276K [0x00000007d6080000, 0x00000007d8a80000, 0x0000000800000000)
  eden space 32768K, 86% used [0x00000007d6080000,0x00000007d7c1d3e0,0x00000007d8080000)
  from space 5120K, 0% used [0x00000007d8580000,0x00000007d8580000,0x00000007d8a80000)
  to   space 5120K, 0% used [0x00000007d8080000,0x00000007d8080000,0x00000007d8580000)
 ParOldGen       total 85504K, used 0K [0x0000000782200000, 0x0000000787580000, 0x00000007d6080000)
  object space 85504K, 0% used [0x0000000782200000,0x0000000782200000,0x0000000787580000)
 PSPermGen       total 21504K, used 2462K [0x000000077d000000, 0x000000077e500000, 0x0000000782200000)
  object space 21504K, 11% used [0x000000077d000000,0x000000077d267870,0x000000077e500000)
Event: 0.401 GC heap after
Heap after GC invocations=1 (full 0):
 PSYoungGen      total 37888K, used 416K [0x00000007d6080000, 0x00000007daa80000, 0x0000000800000000)
  eden space 32768K, 0% used [0x00000007d6080000,0x00000007d6080000,0x00000007d8080000)
  from space 5120K, 8% used [0x00000007d8080000,0x00000007d80e8020,0x00000007d8580000)
  to   space 5120K, 0% used [0x00000007da580000,0x00000007da580000,0x00000007daa80000)
 ParOldGen       total 85504K, used 10010K [0x0000000782200000, 0x0000000787580000, 0x00000007d6080000)
  object space 85504K, 11% used [0x0000000782200000,0x0000000782bc6810,0x0000000787580000)
 PSPermGen       total 21504K, used 2462K [0x000000077d000000, 0x000000077e500000, 0x0000000782200000)
  object space 21504K, 11% used [0x000000077d000000,0x000000077d267870,0x000000077e500000)
}
Event: 0.668 GC heap before
{Heap before GC invocations=2 (full 0):
 PSYoungGen      total 37888K, used 33184K [0x00000007d6080000, 0x00000007daa80000, 0x0000000800000000)
  eden space 32768K, 100% used [0x00000007d6080000,0x00000007d8080000,0x00000007d8080000)
  from space 5120K, 8% used [0x00000007d8080000,0x00000007d80e8020,0x00000007d8580000)
  to   space 5120K, 0% used [0x00000007da580000,0x00000007da580000,0x00000007daa80000)
 ParOldGen       total 85504K, used 10010K [0x0000000782200000, 0x0000000787580000, 0x00000007d6080000)
  object space 85504K, 11% used [0x0000000782200000,0x0000000782bc6810,0x0000000787580000)
 PSPermGen       total 21504K, used 3500K [0x000000077d000000, 0x000000077e500000, 0x0000000782200000)
  object space 21504K, 16% used [0x000000077d000000,0x000000077d36b060,0x000000077e500000)
Event: 0.677 GC heap after
Heap after GC invocations=2 (full 0):
 PSYoungGen      total 70656K, used 3536K [0x00000007d6080000, 0x00000007daa80000, 0x0000000800000000)
  eden space 65536K, 0% used [0x00000007d6080000,0x00000007d6080000,0x00000007da080000)
  from space 5120K, 69% used [0x00000007da580000,0x00000007da8f4040,0x00000007daa80000)
  to   space 5120K, 0% used [0x00000007da080000,0x00000007da080000,0x00000007da580000)
 ParOldGen       total 85504K, used 16084K [0x0000000782200000, 0x0000000787580000, 0x00000007d6080000)
  object space 85504K, 18% used [0x0000000782200000,0x00000007831b51c8,0x0000000787580000)
 PSPermGen       total 21504K, used 3500K [0x000000077d000000, 0x000000077e500000, 0x0000000782200000)
  object space 21504K, 16% used [0x000000077d000000,0x000000077d36b060,0x000000077e500000)
}

